<?xml version="1.0" encoding="UTF-8"?>
<testsuite xmlns:xsi="http://www.w3.org/2001/XMLSchema-instance" xsi:noNamespaceSchemaLocation="https://maven.apache.org/surefire/maven-surefire-plugin/xsd/surefire-test-report-3.0.xsd" version="3.0" name="TestSuite" time="107.614" tests="7" errors="0" skipped="2" failures="0">
  <properties>
[...]
</properties>
  <testcase name="createOrder[{password=Maryan1707, email=margaryan.mariam1707@maininator.com, productName=ZARA COAT 3}](1)" classname="OrderGenerationEndToEndTest" time="22.383">
    <system-err><![CDATA[SLF4J: Failed to load class "org.slf4j.impl.StaticLoggerBinder".
SLF4J: Defaulting to no-operation (NOP) logger implementation
SLF4J: See http://www.slf4j.org/codes.html#StaticLoggerBinder for further details.
Starting ChromeDriver 110.0.5481.77 (65ed616c6e8ee3fe0ad64fe83796c020644d42af-refs/branch-heads/5481@{#839}) on port 18480
Only local connections are allowed.
Please see https://chromedriver.chromium.org/security-considerations for suggestions on keeping ChromeDriver safe.
ChromeDriver was started successfully.
[1680203853.462][WARNING]: virtual void DevToolsClientImpl::AddListener(DevToolsEventListener *) subscribing a listener to the already connected DevToolsClient. Connection notification will not arrive.
Mar 30, 2023 11:17:37 PM globalUse.FundamentalUse sendKeys
INFO: Filling field with text margaryan.mariam1707@maininator.com
Mar 30, 2023 11:17:37 PM globalUse.FundamentalUse sendKeys
INFO: Filling field with text Maryan1707
Mar 30, 2023 11:17:38 PM globalUse.FundamentalUse click
INFO: Clicking to 
Mar 30, 2023 11:17:39 PM globalUse.FundamentalUse click
INFO: Clicking to Add To Cart
Mar 30, 2023 11:17:57 PM globalUse.FundamentalUse click
INFO: Clicking to 
Mar 30, 2023 11:17:58 PM globalUse.FundamentalUse click
INFO: Clicking to Checkout
Mar 30, 2023 11:17:59 PM globalUse.FundamentalUse click
INFO: Clicking to India
]]></system-err>
  </testcase>
  <testcase name="createOrder[{password=Maryan1707, email=margaryan.mariam1707@maininator.com, productName=ADIDAS ORIGINAL}](2)" classname="OrderGenerationEndToEndTest" time="0">
    <skipped message="element click intercepted: Element &lt;i _ngcontent-xtk-c33=&quot;&quot; class=&quot;fa fa-shopping-cart&quot;&gt;&lt;/i&gt; is not clickable at point (1024, 27). Other element would receive the click: &lt;div _ngcontent-xtk-c31=&quot;&quot; class=&quot;ngx-spinner-overlay ng-tns-c31-1 ng-trigger ng-trigger-fadeIn ng-star-inserted ng-animating&quot; style=&quot;background-color: rgba(51, 51, 51, 0.8); z-index: 99999; position: fixed;&quot;&gt;...&lt;/div&gt;&#10;  (Session info: chrome=110.0.5481.77)&#10;Build info: version: &apos;4.8.1&apos;, revision: &apos;8ebccac989&apos;&#10;System info: os.name: &apos;Linux&apos;, os.arch: &apos;amd64&apos;, os.version: &apos;5.15.0-67-generic&apos;, java.version: &apos;11.0.18&apos;&#10;Driver info: org.openqa.selenium.chrome.ChromeDriver&#10;Command: [3be459af9e8c323a693b04b6eaca2e50, clickElement {id=f69fe956-8042-4636-9f6e-a9268bfeb78a}]&#10;Capabilities {acceptInsecureCerts: false, browserName: chrome, browserVersion: 110.0.5481.77, chrome: {chromedriverVersion: 110.0.5481.77 (65ed616c6e8e..., userDataDir: /tmp/.com.google.Chrome.a3Ki2w}, goog:chromeOptions: {debuggerAddress: localhost:33951}, networkConnectionEnabled: false, pageLoadStrategy: normal, platformName: LINUX, proxy: Proxy(), se:cdp: ws://localhost:33951/devtoo..., se:cdpVersion: 110.0.5481.77, setWindowRect: true, strictFileInteractability: false, timeouts: {implicit: 0, pageLoad: 300000, script: 30000}, unhandledPromptBehavior: dismiss and notify, webauthn:extension:credBlob: true, webauthn:extension:largeBlob: true, webauthn:virtualAuthenticators: true}&#10;Element: [[ChromeDriver: chrome on LINUX (3be459af9e8c323a693b04b6eaca2e50)] -&gt; css selector: [routerlink=&apos;/dashboard/cart&apos;]&gt;i]&#10;Session ID: 3be459af9e8c323a693b04b6eaca2e50"/>
    <system-err><![CDATA[Starting ChromeDriver 110.0.5481.77 (65ed616c6e8ee3fe0ad64fe83796c020644d42af-refs/branch-heads/5481@{#839}) on port 13940
Only local connections are allowed.
Please see https://chromedriver.chromium.org/security-considerations for suggestions on keeping ChromeDriver safe.
ChromeDriver was started successfully.
[1680203880.723][WARNING]: virtual void DevToolsClientImpl::AddListener(DevToolsEventListener *) subscribing a listener to the already connected DevToolsClient. Connection notification will not arrive.
Mar 30, 2023 11:18:04 PM globalUse.FundamentalUse sendKeys
INFO: Filling field with text margaryan.mariam1707@maininator.com
Mar 30, 2023 11:18:04 PM globalUse.FundamentalUse sendKeys
INFO: Filling field with text Maryan1707
Mar 30, 2023 11:18:05 PM globalUse.FundamentalUse click
INFO: Clicking to 
Mar 30, 2023 11:18:06 PM globalUse.FundamentalUse click
INFO: Clicking to Add To Cart
Mar 30, 2023 11:18:06 PM globalUse.FundamentalUse click
INFO: Clicking to 
]]></system-err>
  </testcase>
  <testcase name="createOrder[{password=Maryan1707, email=margaryan.mariam1707@maininator.com, productName=ADIDAS ORIGINAL}](3)" classname="OrderGenerationEndToEndTest" time="22.416">
    <system-err><![CDATA[Starting ChromeDriver 110.0.5481.77 (65ed616c6e8ee3fe0ad64fe83796c020644d42af-refs/branch-heads/5481@{#839}) on port 26384
Only local connections are allowed.
Please see https://chromedriver.chromium.org/security-considerations for suggestions on keeping ChromeDriver safe.
ChromeDriver was started successfully.
[1680203888.677][WARNING]: virtual void DevToolsClientImpl::AddListener(DevToolsEventListener *) subscribing a listener to the already connected DevToolsClient. Connection notification will not arrive.
Mar 30, 2023 11:18:12 PM globalUse.FundamentalUse sendKeys
INFO: Filling field with text margaryan.mariam1707@maininator.com
Mar 30, 2023 11:18:13 PM globalUse.FundamentalUse sendKeys
INFO: Filling field with text Maryan1707
Mar 30, 2023 11:18:13 PM globalUse.FundamentalUse click
INFO: Clicking to 
Mar 30, 2023 11:18:14 PM globalUse.FundamentalUse click
INFO: Clicking to Add To Cart
Mar 30, 2023 11:18:32 PM globalUse.FundamentalUse click
INFO: Clicking to 
Mar 30, 2023 11:18:33 PM globalUse.FundamentalUse click
INFO: Clicking to Checkout
Mar 30, 2023 11:18:34 PM globalUse.FundamentalUse click
INFO: Clicking to India
]]></system-err>
  </testcase>
  <testcase name="checkCreatedOrder" classname="OrderGenerationEndToEndTest" time="2.169">
    <system-err><![CDATA[Starting ChromeDriver 110.0.5481.77 (65ed616c6e8ee3fe0ad64fe83796c020644d42af-refs/branch-heads/5481@{#839}) on port 5212
Only local connections are allowed.
Please see https://chromedriver.chromium.org/security-considerations for suggestions on keeping ChromeDriver safe.
ChromeDriver was started successfully.
[1680203916.074][WARNING]: virtual void DevToolsClientImpl::AddListener(DevToolsEventListener *) subscribing a listener to the already connected DevToolsClient. Connection notification will not arrive.
Mar 30, 2023 11:18:39 PM globalUse.FundamentalUse sendKeys
INFO: Filling field with text margaryan.mariam1707@maininator.com
Mar 30, 2023 11:18:40 PM globalUse.FundamentalUse sendKeys
INFO: Filling field with text Maryan1707
Mar 30, 2023 11:18:40 PM globalUse.FundamentalUse click
INFO: Clicking to 
Mar 30, 2023 11:18:41 PM globalUse.FundamentalUse click
INFO: Clicking to 
]]></system-err>
  </testcase>
  <testcase name="wrongLogin" classname="ErrorValidationsTest" time="1.32">
    <system-err><![CDATA[Starting ChromeDriver 110.0.5481.77 (65ed616c6e8ee3fe0ad64fe83796c020644d42af-refs/branch-heads/5481@{#839}) on port 29566
Only local connections are allowed.
Please see https://chromedriver.chromium.org/security-considerations for suggestions on keeping ChromeDriver safe.
Starting ChromeDCrhirvomeerDr i1ver1 0w.a0.5s4 8s1t.a7r7t e(d6 5seudc6c1e6scs6feu8leley3.f
e0ad64fe83796c020644d42af-refs/branch-heads/5481@{#839}) on port 5143
Only local connections are allowed.
Please see https://chromedriver.chromium.org/security-considerations for suggestions on keeping ChromeDriver safe.
ChromeDriver was started successfully.
[1680203923.568][WARNING]: virtual void DevToolsClientImpl::AddListener(DevToolsEventListener *) subscribing a listener to the already connected DevToolsClient. Connection notification will not arrive.
[1680203923.613][WARNING]: virtual void DevToolsClientImpl::AddListener(DevToolsEventListener *) subscribing a listener to the already connected DevToolsClient. Connection notification will not arrive.
Mar 30, 2023 11:18:46 PM globalUse.FundamentalUse sendKeys
INFO: Filling field with text margaryan.mariam1707@maininator.com
Mar 30, 2023 11:18:46 PM globalUse.FundamentalUse sendKeys
INFO: Filling field with text 1argaryan.mariam1707@maininator.com
Mar 30, 2023 11:18:46 PM globalUse.FundamentalUse sendKeys
INFO: Filling field with text Maryan1707
Mar 30, 2023 11:18:47 PM globalUse.FundamentalUse sendKeys
INFO: Filling field with text Maryan1707
Mar 30, 2023 11:18:47 PM globalUse.FundamentalUse click
INFO: Clicking to 
Mar 30, 2023 11:18:47 PM globalUse.FundamentalUse click
INFO: Clicking to 
]]></system-err>
  </testcase>
  <testcase name="productErrorValidation" classname="ErrorValidationsTest" time="0">
    <skipped message="element click intercepted: Element &lt;i _ngcontent-qyy-c33=&quot;&quot; class=&quot;fa fa-shopping-cart&quot;&gt;&lt;/i&gt; is not clickable at point (1024, 27). Other element would receive the click: &lt;div _ngcontent-qyy-c31=&quot;&quot; class=&quot;ngx-spinner-overlay ng-tns-c31-1 ng-trigger ng-trigger-fadeIn ng-star-inserted&quot; style=&quot;background-color: rgba(51, 51, 51, 0.8); z-index: 99999; position: fixed; opacity: 1;&quot;&gt;...&lt;/div&gt;&#10;  (Session info: chrome=110.0.5481.77)&#10;Build info: version: &apos;4.8.1&apos;, revision: &apos;8ebccac989&apos;&#10;System info: os.name: &apos;Linux&apos;, os.arch: &apos;amd64&apos;, os.version: &apos;5.15.0-67-generic&apos;, java.version: &apos;11.0.18&apos;&#10;Driver info: org.openqa.selenium.chrome.ChromeDriver&#10;Command: [5a62c229694d8f220ad9fa88161fe98a, clickElement {id=b398d017-1271-4449-a0f4-f80aea0ecd9b}]&#10;Capabilities {acceptInsecureCerts: false, browserName: chrome, browserVersion: 110.0.5481.77, chrome: {chromedriverVersion: 110.0.5481.77 (65ed616c6e8e..., userDataDir: /tmp/.com.google.Chrome.StMUEW}, goog:chromeOptions: {debuggerAddress: localhost:38171}, networkConnectionEnabled: false, pageLoadStrategy: normal, platformName: LINUX, proxy: Proxy(), se:cdp: ws://localhost:38171/devtoo..., se:cdpVersion: 110.0.5481.77, setWindowRect: true, strictFileInteractability: false, timeouts: {implicit: 0, pageLoad: 300000, script: 30000}, unhandledPromptBehavior: dismiss and notify, webauthn:extension:credBlob: true, webauthn:extension:largeBlob: true, webauthn:virtualAuthenticators: true}&#10;Element: [[ChromeDriver: chrome on LINUX (5a62c229694d8f220ad9fa88161fe98a)] -&gt; css selector: [routerlink=&apos;/dashboard/cart&apos;]&gt;i]&#10;Session ID: 5a62c229694d8f220ad9fa88161fe98a"/>
    <system-err><![CDATA[Mar 30, 2023 11:18:48 PM globalUse.FundamentalUse click
INFO: Clicking to Add To Cart
Mar 30, 2023 11:18:48 PM globalUse.FundamentalUse click
INFO: Clicking to 
]]></system-err>
  </testcase>
  <testcase name="productErrorValidation" classname="ErrorValidationsTest" time="22.305">
    <system-err><![CDATA[Starting ChromeDriver 110.0.5481.77 (65ed616c6e8ee3fe0ad64fe83796c020644d42af-refs/branch-heads/5481@{#839}) on port 2930
Only local connections are allowed.
Please see https://chromedriver.chromium.org/security-considerations for suggestions on keeping ChromeDriver safe.
ChromeDriver was started successfully.
[1680203930.738][WARNING]: virtual void DevToolsClientImpl::AddListener(DevToolsEventListener *) subscribing a listener to the already connected DevToolsClient. Connection notification will not arrive.
Mar 30, 2023 11:18:55 PM globalUse.FundamentalUse sendKeys
INFO: Filling field with text margaryan.mariam1707@maininator.com
Mar 30, 2023 11:18:55 PM globalUse.FundamentalUse sendKeys
INFO: Filling field with text Maryan1707
Mar 30, 2023 11:18:55 PM globalUse.FundamentalUse click
INFO: Clicking to 
Mar 30, 2023 11:18:56 PM globalUse.FundamentalUse click
INFO: Clicking to Add To Cart
Mar 30, 2023 11:19:15 PM globalUse.FundamentalUse click
INFO: Clicking to 
]]></system-err>
  </testcase>
</testsuite>