<?xml version="1.0" encoding="UTF-8"?>
<!-- Generated by org.testng.reporters.JUnitXMLReporter -->
<testsuite ignored="0" hostname="beeweb-Lenovo-ideapad-330-15IKB" failures="0" tests="3" name="ErrorValidations Test" time="35.13" errors="0" timestamp="2023-03-30T23:19:17 AMT">
  <testcase classname="ErrorValidationsTest" name="wrongLogin" time="1.321"/>
  <testcase classname="ErrorValidationsTest" name="productErrorValidation" time="3.391">
    <skipped/>
  </testcase> <!-- productErrorValidation -->
  <testcase classname="ErrorValidationsTest" name="productErrorValidation" time="22.305"/>
</testsuite> <!-- ErrorValidations Test -->
