<?xml version="1.0" encoding="UTF-8"?>
<!-- Generated by org.testng.reporters.JUnitXMLReporter -->
<testsuite ignored="0" hostname="beeweb-Lenovo-ideapad-330-15IKB" failures="0" tests="4" name="OrderGenerationEndToEnd Test" time="70.875" errors="0" timestamp="2023-03-30T23:18:42 AMT">
  <testcase classname="OrderGenerationEndToEndTest" name="createOrder" time="22.375"/>
  <testcase classname="OrderGenerationEndToEndTest" name="createOrder" time="3.315">
    <skipped/>
  </testcase> <!-- createOrder -->
  <testcase classname="OrderGenerationEndToEndTest" name="createOrder" time="22.416"/>
  <testcase classname="OrderGenerationEndToEndTest" name="checkCreatedOrder" time="2.169"/>
</testsuite> <!-- OrderGenerationEndToEnd Test -->
